<?xml version="1.0" encoding="UTF-8"?>
<!-- Generated by org.testng.reporters.JUnitReportReporter -->
<testsuite hostname="UDAYAP" failures="0" tests="1" name="TrustPayment.AssignmentOne" time="43.934" errors="0" timestamp="2023-06-07T11:45:36 IST" skipped="0">
  <testcase classname="TrustPayment.AssignmentOne" name="trustPayAssignment" time="43.934"/>
  <system-out/>
</testsuite> <!-- TrustPayment.AssignmentOne -->
