<?xml version="1.0" encoding="UTF-8"?>
<!-- Generated by org.testng.reporters.JUnitReportReporter -->
<testsuite hostname="UDAYAP" failures="0" tests="1" name="BusinessAccount.BusinessAccountPageTest" time="20.720" errors="0" timestamp="2023-04-12T14:42:53 IST" skipped="0">
  <testcase classname="BusinessAccount.BusinessAccountPageTest" name="businessAccountPageVerify" time="20.720"/>
  <system-out/>
</testsuite> <!-- BusinessAccount.BusinessAccountPageTest -->
