<?xml version="1.0" encoding="UTF-8"?>
<!-- Generated by org.testng.reporters.JUnitReportReporter -->
<testsuite hostname="UDAYAP" failures="0" tests="1" name="SignUp.signUpNewUserTest" time="33.252" errors="0" timestamp="2023-04-20T11:17:45 IST" skipped="0">
  <testcase classname="SignUp.signUpNewUserTest" name="createNewUser" time="33.252"/>
  <system-out/>
</testsuite> <!-- SignUp.signUpNewUserTest -->
