<?xml version="1.0" encoding="UTF-8"?>
<!-- Generated by org.testng.reporters.JUnitReportReporter -->
<testsuite hostname="BCSSL-LPA-033" failures="0" tests="1" name="BookATest.assignment" time="10.381" errors="0" timestamp="2024-03-16T13:29:03 IST" skipped="0">
  <testcase classname="BookATest.assignment" name="testAssignment" time="10.381">
    <system-out>
      <![CDATA[testAssignment : Test Case Started 
testAssignment : Test Case End Successfully  ]]>
    </system-out>
  </testcase> <!-- testAssignment -->
  <system-out>
    <![CDATA[testAssignment : Test Case Started 
testAssignment : Test Case End Successfully  ]]>
  </system-out>
</testsuite> <!-- BookATest.assignment -->
